<?xml version="1.0" encoding="UTF-8"?>
<Site BuildName="(empty)"
	BuildStamp="20260814-0233-Experimental"
	Name="labNVXMF8"
	Generator="ctest-3.22.1"
	CompilerName="/usr/bin/c++"
	CompilerVersion="11.4.0"
	OSName="Linux"
	Hostname="labNVXMF8"
	OSRelease="6.8.0-1063-azure"
	OSVersion="#71~22.04.1-Ubuntu SMP Mon Jul  6 22:48:31 UTC 2026"
	OSPlatform="x86_64"
	Is64Bits="1"
	VendorString="GenuineIntel"
	VendorID="Intel Corporation"
	FamilyID="6"
	ModelID="85"
	ProcessorCacheSize="36608"
	NumberOfLogicalCPU="8"
	NumberOfPhysicalCPU="4"
	TotalVirtualMemory="0"
	TotalPhysicalMemory="15992"
	LogicalProcessorsPerPhysical="2"
	ProcessorClockFrequency="2593.9"
	>
	<Testing>
		<StartDateTime>Aug 14 02:33 UTC</StartDateTime>
		<StartTestTime>1786674831</StartTestTime>
		<TestList/>
		<EndDateTime>Aug 14 02:33 UTC</EndDateTime>
		<EndTestTime>1786674831</EndTestTime>
		<ElapsedMinutes>0</ElapsedMinutes>
	</Testing>
</Site>
